------------------------------------------------------------------------------------------------------------------------

[2021-03-07 15:29:19 #1 store] 
Database '/home/shoumitro/Documents/html_ex/JPA/JPA JPQL/jdbc:mysql:/localhost:3306/studentdata' is opened by 12353@android123

[2021-03-07 15:29:19 #2 store] 
Configuration path: ?

[2021-03-07 15:29:19 #3 type] 
Type com.javatpoint.jpa.StudentEntity is not enhanced.

[2021-03-07 15:29:19 #4 store] 
Database '/home/shoumitro/Documents/html_ex/JPA/JPA JPQL/jdbc:mysql:/localhost:3306/studentdata' is closed by 12353@android123

------------------------------------------------------------------------------------------------------------------------

[2021-03-07 15:29:27 #1 store] 
Database '/home/shoumitro/Documents/html_ex/JPA/JPA JPQL/jdbc:mysql:/localhost:3306/studentdata' is opened by 12378@android123

[2021-03-07 15:29:27 #2 store] 
Configuration path: ?

[2021-03-07 15:29:28 #3 type] 
Type com.javatpoint.jpa.StudentEntity is not enhanced.

[2021-03-07 15:29:28 #4 store] 
Database '/home/shoumitro/Documents/html_ex/JPA/JPA JPQL/jdbc:mysql:/localhost:3306/studentdata' is closed by 12378@android123

------------------------------------------------------------------------------------------------------------------------

[2021-03-07 15:29:42 #1 store] 
Database '/home/shoumitro/Documents/html_ex/JPA/JPA JPQL/jdbc:mysql:/localhost:3306/studentdata' is opened by 12403@android123

[2021-03-07 15:29:42 #2 store] 
Configuration path: ?

[2021-03-07 15:29:43 #3 type] 
Type com.javatpoint.jpa.StudentEntity is not enhanced.

[2021-03-07 15:29:43 #4 store] 
Database '/home/shoumitro/Documents/html_ex/JPA/JPA JPQL/jdbc:mysql:/localhost:3306/studentdata' is closed by 12403@android123

------------------------------------------------------------------------------------------------------------------------

[2021-03-07 19:23:49 #1 store] 
Database '/home/shoumitro/Documents/html_ex/JPA/JPA JPQL/jdbc:mysql:/localhost:3306/studentdata' is opened by 2654@android123

[2021-03-07 19:23:50 #2 store] 
Configuration path: ?

[2021-03-07 19:23:50 #3 type] 
Type com.javatpoint.jpa.StudentEntity is not enhanced.

[2021-03-07 19:23:50 #4 store] 
Database '/home/shoumitro/Documents/html_ex/JPA/JPA JPQL/jdbc:mysql:/localhost:3306/studentdata' is closed by 2654@android123

------------------------------------------------------------------------------------------------------------------------

[2021-03-07 19:24:52 #1 store] 
Database '/home/shoumitro/Documents/html_ex/JPA/JPA JPQL/jdbc:mysql:/localhost:3306/studentdata' is opened by 2688@android123

[2021-03-07 19:24:52 #2 store] 
Configuration path: ?

[2021-03-07 19:24:52 #3 type] 
Type com.javatpoint.jpa.StudentEntity is not enhanced.

[2021-03-07 19:24:52 #4 store] 
Database '/home/shoumitro/Documents/html_ex/JPA/JPA JPQL/jdbc:mysql:/localhost:3306/studentdata' is closed by 2688@android123

------------------------------------------------------------------------------------------------------------------------

[2021-03-07 19:25:34 #1 store] 
Database '/home/shoumitro/Documents/html_ex/JPA/JPA JPQL/jdbc:mysql:/localhost:3306/studentdata' is opened by 2716@android123

[2021-03-07 19:25:34 #2 store] 
Configuration path: ?

[2021-03-07 19:25:34 #3 type] 
Type com.javatpoint.jpa.StudentEntity is not enhanced.

[2021-03-07 19:25:35 #4 store] 
Database '/home/shoumitro/Documents/html_ex/JPA/JPA JPQL/jdbc:mysql:/localhost:3306/studentdata' is closed by 2716@android123

------------------------------------------------------------------------------------------------------------------------

[2021-03-07 19:52:45 #1 store] 
Database '/home/shoumitro/Documents/html_ex/JPA/JPA JPQL/jdbc:mysql:/localhost:3306/studentdata' is opened by 3226@android123

[2021-03-07 19:52:45 #2 store] 
Configuration path: ?

[2021-03-07 19:52:45 #3 type] 
Type com.javatpoint.jpa.StudentEntity is not enhanced.

[2021-03-07 19:52:45 #4 store] 
Database '/home/shoumitro/Documents/html_ex/JPA/JPA JPQL/jdbc:mysql:/localhost:3306/studentdata' is closed by 3226@android123

------------------------------------------------------------------------------------------------------------------------

[2021-03-07 20:04:22 #1 store] 
Database '/home/shoumitro/Documents/html_ex/JPA/JPA JPQL/jdbc:mysql:/localhost:3306/studentdata' is opened by 3406@android123

[2021-03-07 20:04:22 #2 store] 
Configuration path: ?

[2021-03-07 20:04:22 #3 type] 
Type com.javatpoint.jpa.StudentEntity is not enhanced.

[2021-03-07 20:04:22 #4 store] 
Database '/home/shoumitro/Documents/html_ex/JPA/JPA JPQL/jdbc:mysql:/localhost:3306/studentdata' is closed by 3406@android123

------------------------------------------------------------------------------------------------------------------------

[2021-03-07 20:05:00 #1 store] 
Database '/home/shoumitro/Documents/html_ex/JPA/JPA JPQL/jdbc:mysql:/localhost:3306/studentdata' is opened by 3434@android123

[2021-03-07 20:05:00 #2 store] 
Configuration path: ?

[2021-03-07 20:05:00 #3 type] 
Type com.javatpoint.jpa.StudentEntity is not enhanced.

[2021-03-07 20:05:00 #4 store] 
Database '/home/shoumitro/Documents/html_ex/JPA/JPA JPQL/jdbc:mysql:/localhost:3306/studentdata' is closed by 3434@android123

------------------------------------------------------------------------------------------------------------------------

[2021-03-07 20:07:48 #1 store] 
Database '/home/shoumitro/Documents/html_ex/JPA/JPA JPQL/jdbc:mysql:/localhost:3306/studentdata' is opened by 3480@android123

[2021-03-07 20:07:48 #2 store] 
Configuration path: ?

[2021-03-07 20:07:48 #3 type] 
Type com.javatpoint.jpa.StudentEntity is not enhanced.

------------------------------------------------------------------------------------------------------------------------

[2021-03-07 20:08:05 #1 store] 
Database '/home/shoumitro/Documents/html_ex/JPA/JPA JPQL/jdbc:mysql:/localhost:3306/studentdata' is opened by 3505@android123

[2021-03-07 20:08:05 #2 store] 
Configuration path: ?

[2021-03-07 20:08:05 #3 type] 
Type com.javatpoint.jpa.StudentEntity is not enhanced.

------------------------------------------------------------------------------------------------------------------------

[2021-03-07 20:08:36 #1 store] 
Database '/home/shoumitro/Documents/html_ex/JPA/JPA JPQL/jdbc:mysql:/localhost:3306/studentdata' is opened by 3530@android123

[2021-03-07 20:08:36 #2 store] 
Configuration path: ?

[2021-03-07 20:08:36 #3 type] 
Type com.javatpoint.jpa.StudentEntity is not enhanced.

[2021-03-07 20:08:36 #4 store] 
Database '/home/shoumitro/Documents/html_ex/JPA/JPA JPQL/jdbc:mysql:/localhost:3306/studentdata' is closed by 3530@android123

------------------------------------------------------------------------------------------------------------------------

[2021-03-07 20:09:25 #1 store] 
Database '/home/shoumitro/Documents/html_ex/JPA/JPA JPQL/jdbc:mysql:/localhost:3306/studentdata' is opened by 3556@android123

[2021-03-07 20:09:25 #2 store] 
Configuration path: ?

[2021-03-07 20:09:25 #3 type] 
Type com.javatpoint.jpa.StudentEntity is not enhanced.

[2021-03-07 20:09:25 #4 store] 
Database '/home/shoumitro/Documents/html_ex/JPA/JPA JPQL/jdbc:mysql:/localhost:3306/studentdata' is closed by 3556@android123

------------------------------------------------------------------------------------------------------------------------

[2021-03-07 20:09:53 #1 store] 
Database '/home/shoumitro/Documents/html_ex/JPA/JPA JPQL/jdbc:mysql:/localhost:3306/studentdata' is opened by 3603@android123

[2021-03-07 20:09:53 #2 store] 
Configuration path: ?

[2021-03-07 20:09:53 #3 type] 
Type com.javatpoint.jpa.StudentEntity is not enhanced.

[2021-03-07 20:09:53 #4 store] 
Database '/home/shoumitro/Documents/html_ex/JPA/JPA JPQL/jdbc:mysql:/localhost:3306/studentdata' is closed by 3603@android123

------------------------------------------------------------------------------------------------------------------------

[2021-03-07 20:10:15 #1 store] 
Database '/home/shoumitro/Documents/html_ex/JPA/JPA JPQL/jdbc:mysql:/localhost:3306/studentdata' is opened by 3668@android123

[2021-03-07 20:10:15 #2 store] 
Configuration path: ?

[2021-03-07 20:10:15 #3 type] 
Type com.javatpoint.jpa.StudentEntity is not enhanced.

[2021-03-07 20:10:15 #4 store] 
Database '/home/shoumitro/Documents/html_ex/JPA/JPA JPQL/jdbc:mysql:/localhost:3306/studentdata' is closed by 3668@android123

------------------------------------------------------------------------------------------------------------------------

[2021-03-07 20:11:10 #1 store] 
Database '/home/shoumitro/Documents/html_ex/JPA/JPA JPQL/jdbc:mysql:/localhost:3306/studentdata' is opened by 3699@android123

[2021-03-07 20:11:10 #2 store] 
Configuration path: ?

[2021-03-07 20:11:10 #3 type] 
Type com.javatpoint.jpa.StudentEntity is not enhanced.

[2021-03-07 20:11:10 #4 store] 
Database '/home/shoumitro/Documents/html_ex/JPA/JPA JPQL/jdbc:mysql:/localhost:3306/studentdata' is closed by 3699@android123

------------------------------------------------------------------------------------------------------------------------

[2021-03-07 20:11:19 #1 store] 
Database '/home/shoumitro/Documents/html_ex/JPA/JPA JPQL/jdbc:mysql:/localhost:3306/studentdata' is opened by 3722@android123

[2021-03-07 20:11:19 #2 store] 
Configuration path: ?

[2021-03-07 20:11:19 #3 type] 
Type com.javatpoint.jpa.StudentEntity is not enhanced.

[2021-03-07 20:11:20 #4 store] 
Database '/home/shoumitro/Documents/html_ex/JPA/JPA JPQL/jdbc:mysql:/localhost:3306/studentdata' is closed by 3722@android123

------------------------------------------------------------------------------------------------------------------------

[2021-03-07 20:11:56 #1 store] 
Database '/home/shoumitro/Documents/html_ex/JPA/JPA JPQL/jdbc:mysql:/localhost:3306/studentdata' is opened by 3768@android123

[2021-03-07 20:11:56 #2 store] 
Configuration path: ?

[2021-03-07 20:11:57 #3 type] 
Type com.javatpoint.jpa.StudentEntity is not enhanced.

[2021-03-07 20:11:57 #4 store] 
Database '/home/shoumitro/Documents/html_ex/JPA/JPA JPQL/jdbc:mysql:/localhost:3306/studentdata' is closed by 3768@android123

------------------------------------------------------------------------------------------------------------------------

[2021-03-07 20:15:31 #1 store] 
Database '/home/shoumitro/Documents/html_ex/JPA/JPA JPQL/jdbc:mysql:/localhost:3306/studentdata' is opened by 3859@android123

[2021-03-07 20:15:31 #2 store] 
Configuration path: ?

[2021-03-07 20:15:31 #3 type] 
Type com.javatpoint.jpa.StudentEntity is not enhanced.

[2021-03-07 20:15:32 #4 store] 
Database '/home/shoumitro/Documents/html_ex/JPA/JPA JPQL/jdbc:mysql:/localhost:3306/studentdata' is closed by 3859@android123

------------------------------------------------------------------------------------------------------------------------

[2021-03-07 20:16:03 #1 store] 
Database '/home/shoumitro/Documents/html_ex/JPA/JPA JPQL/jdbc:mysql:/localhost:3306/studentdata' is opened by 3889@android123

[2021-03-07 20:16:03 #2 store] 
Configuration path: ?

[2021-03-07 20:16:03 #3 type] 
Type com.javatpoint.jpa.StudentEntity is not enhanced.

[2021-03-07 20:16:03 #4 store] 
Database '/home/shoumitro/Documents/html_ex/JPA/JPA JPQL/jdbc:mysql:/localhost:3306/studentdata' is closed by 3889@android123

------------------------------------------------------------------------------------------------------------------------

[2021-03-07 20:16:25 #1 store] 
Database '/home/shoumitro/Documents/html_ex/JPA/JPA JPQL/jdbc:mysql:/localhost:3306/studentdata' is opened by 3913@android123

[2021-03-07 20:16:25 #2 store] 
Configuration path: ?

[2021-03-07 20:16:25 #3 type] 
Type com.javatpoint.jpa.StudentEntity is not enhanced.

[2021-03-07 20:16:25 #4 store] 
Database '/home/shoumitro/Documents/html_ex/JPA/JPA JPQL/jdbc:mysql:/localhost:3306/studentdata' is closed by 3913@android123

------------------------------------------------------------------------------------------------------------------------

[2021-03-07 20:16:47 #1 store] 
Database '/home/shoumitro/Documents/html_ex/JPA/JPA JPQL/jdbc:mysql:/localhost:3306/studentdata' is opened by 3938@android123

[2021-03-07 20:16:47 #2 store] 
Configuration path: ?

[2021-03-07 20:16:47 #3 type] 
Type com.javatpoint.jpa.StudentEntity is not enhanced.

[2021-03-07 20:16:47 #4 store] 
Database '/home/shoumitro/Documents/html_ex/JPA/JPA JPQL/jdbc:mysql:/localhost:3306/studentdata' is closed by 3938@android123

------------------------------------------------------------------------------------------------------------------------

[2021-03-07 20:16:54 #1 store] 
Database '/home/shoumitro/Documents/html_ex/JPA/JPA JPQL/jdbc:mysql:/localhost:3306/studentdata' is opened by 3961@android123

[2021-03-07 20:16:54 #2 store] 
Configuration path: ?

[2021-03-07 20:16:54 #3 type] 
Type com.javatpoint.jpa.StudentEntity is not enhanced.

[2021-03-07 20:16:54 #4 store] 
Database '/home/shoumitro/Documents/html_ex/JPA/JPA JPQL/jdbc:mysql:/localhost:3306/studentdata' is closed by 3961@android123

------------------------------------------------------------------------------------------------------------------------

[2021-03-07 20:17:32 #1 store] 
Database '/home/shoumitro/Documents/html_ex/JPA/JPA JPQL/jdbc:mysql:/localhost:3306/studentdata' is opened by 3992@android123

[2021-03-07 20:17:32 #2 store] 
Configuration path: ?

[2021-03-07 20:17:32 #3 type] 
Type com.javatpoint.jpa.StudentEntity is not enhanced.

------------------------------------------------------------------------------------------------------------------------

[2021-03-07 20:17:55 #1 store] 
Database '/home/shoumitro/Documents/html_ex/JPA/JPA JPQL/jdbc:mysql:/localhost:3306/studentdata' is opened by 4037@android123

[2021-03-07 20:17:55 #2 store] 
Configuration path: ?

[2021-03-07 20:17:55 #3 type] 
Type com.javatpoint.jpa.StudentEntity is not enhanced.

[2021-03-07 20:17:55 #4 store] 
Database '/home/shoumitro/Documents/html_ex/JPA/JPA JPQL/jdbc:mysql:/localhost:3306/studentdata' is closed by 4037@android123

------------------------------------------------------------------------------------------------------------------------

[2021-03-07 21:02:34 #1 store] 
Database '/home/shoumitro/Documents/html_ex/JPA/JPA JPQL/jdbc:mysql:/localhost:3306/studentdata' is opened by 4667@android123

[2021-03-07 21:02:34 #2 store] 
Configuration path: ?

[2021-03-07 21:02:35 #3 type] 
Type com.javatpoint.jpa.StudentEntity is not enhanced.

[2021-03-07 21:02:35 #4 store] 
Database '/home/shoumitro/Documents/html_ex/JPA/JPA JPQL/jdbc:mysql:/localhost:3306/studentdata' is closed by 4667@android123

------------------------------------------------------------------------------------------------------------------------

[2021-03-07 21:03:37 #1 store] 
Database '/home/shoumitro/Documents/html_ex/JPA/JPA JPQL/jdbc:mysql:/localhost:3306/studentdata' is opened by 4705@android123

[2021-03-07 21:03:37 #2 store] 
Configuration path: ?

[2021-03-07 21:03:37 #3 type] 
Type com.javatpoint.jpa.StudentEntity is not enhanced.

[2021-03-07 21:03:38 #4 store] 
Database '/home/shoumitro/Documents/html_ex/JPA/JPA JPQL/jdbc:mysql:/localhost:3306/studentdata' is closed by 4705@android123

------------------------------------------------------------------------------------------------------------------------

[2021-03-07 21:03:54 #1 store] 
Database '/home/shoumitro/Documents/html_ex/JPA/JPA JPQL/jdbc:mysql:/localhost:3306/studentdata' is opened by 4732@android123

[2021-03-07 21:03:54 #2 store] 
Configuration path: ?

[2021-03-07 21:03:54 #3 type] 
Type com.javatpoint.jpa.StudentEntity is not enhanced.

[2021-03-07 21:03:54 #4 store] 
Database '/home/shoumitro/Documents/html_ex/JPA/JPA JPQL/jdbc:mysql:/localhost:3306/studentdata' is closed by 4732@android123

------------------------------------------------------------------------------------------------------------------------

[2021-03-07 21:04:03 #1 store] 
Database '/home/shoumitro/Documents/html_ex/JPA/JPA JPQL/jdbc:mysql:/localhost:3306/studentdata' is opened by 4755@android123

[2021-03-07 21:04:03 #2 store] 
Configuration path: ?

[2021-03-07 21:04:03 #3 type] 
Type com.javatpoint.jpa.StudentEntity is not enhanced.

[2021-03-07 21:04:03 #4 store] 
Database '/home/shoumitro/Documents/html_ex/JPA/JPA JPQL/jdbc:mysql:/localhost:3306/studentdata' is closed by 4755@android123

------------------------------------------------------------------------------------------------------------------------

[2021-03-07 21:06:18 #1 store] 
Database '/home/shoumitro/Documents/html_ex/JPA/JPA JPQL/jdbc:mysql:/localhost:3306/studentdata' is opened by 4804@android123

[2021-03-07 21:06:18 #2 store] 
Configuration path: ?

[2021-03-07 21:06:18 #3 type] 
Type com.javatpoint.jpa.StudentEntity is not enhanced.

[2021-03-07 21:06:18 #4 store] 
Database '/home/shoumitro/Documents/html_ex/JPA/JPA JPQL/jdbc:mysql:/localhost:3306/studentdata' is closed by 4804@android123

------------------------------------------------------------------------------------------------------------------------

[2021-03-07 21:09:13 #1 store] 
Database '/home/shoumitro/Documents/html_ex/JPA/JPA JPQL/jdbc:mysql:/localhost:3306/studentdata' is opened by 4861@android123

[2021-03-07 21:09:13 #2 store] 
Configuration path: ?

[2021-03-07 21:09:14 #3 type] 
Type com.javatpoint.jpa.StudentEntity is not enhanced.

[2021-03-07 21:09:14 #4 store] 
Database '/home/shoumitro/Documents/html_ex/JPA/JPA JPQL/jdbc:mysql:/localhost:3306/studentdata' is closed by 4861@android123

------------------------------------------------------------------------------------------------------------------------

[2021-03-07 21:09:21 #1 store] 
Database '/home/shoumitro/Documents/html_ex/JPA/JPA JPQL/jdbc:mysql:/localhost:3306/studentdata' is opened by 4885@android123

[2021-03-07 21:09:21 #2 store] 
Configuration path: ?

[2021-03-07 21:09:21 #3 type] 
Type com.javatpoint.jpa.StudentEntity is not enhanced.

[2021-03-07 21:09:21 #4 store] 
Database '/home/shoumitro/Documents/html_ex/JPA/JPA JPQL/jdbc:mysql:/localhost:3306/studentdata' is closed by 4885@android123

