------------------------------------------------------------------------------------------------------------------------

[2021-03-07 22:00:36 #1 store] 
Database '/home/shoumitro/Documents/html_ex/JPA/JPA Inheritance/jdbc:mysql:/localhost:3306/employee' is opened by 6085@android123

[2021-03-07 22:00:36 #2 store] 
Configuration path: ?

[2021-03-07 22:00:36 #3 type] 
Type com.javatpoint.jpa.inheritence.Employee is not enhanced.

[2021-03-07 22:00:36 #4 type] 
Type com.javatpoint.jpa.inheritence.ActiveEmployee is not enhanced.

[2021-03-07 22:00:36 #5 type] 
Type com.javatpoint.jpa.inheritence.RetiredEmployee is not enhanced.

[2021-03-07 22:00:36 #6 store] 
Database '/home/shoumitro/Documents/html_ex/JPA/JPA Inheritance/jdbc:mysql:/localhost:3306/employee' is closed by 6085@android123

------------------------------------------------------------------------------------------------------------------------

[2021-03-07 22:00:42 #1 store] 
Database '/home/shoumitro/Documents/html_ex/JPA/JPA Inheritance/jdbc:mysql:/localhost:3306/employee' is opened by 6110@android123

[2021-03-07 22:00:42 #2 store] 
Configuration path: ?

[2021-03-07 22:00:42 #3 type] 
Type com.javatpoint.jpa.inheritence.Employee is not enhanced.

[2021-03-07 22:00:42 #4 type] 
Type com.javatpoint.jpa.inheritence.ActiveEmployee is not enhanced.

[2021-03-07 22:00:42 #5 type] 
Type com.javatpoint.jpa.inheritence.RetiredEmployee is not enhanced.

------------------------------------------------------------------------------------------------------------------------

[2021-03-07 22:01:08 #1 store] 
Database '/home/shoumitro/Documents/html_ex/JPA/JPA Inheritance/jdbc:mysql:/localhost:3306/employee' is opened by 6169@android123

[2021-03-07 22:01:08 #2 store] 
Configuration path: ?

[2021-03-07 22:01:08 #3 type.registry] 
New type com.javatpoint.jpa.inheritence.Employee

[2021-03-07 22:01:08 #4 type.registry] 
New type com.javatpoint.jpa.inheritence.ActiveEmployee

[2021-03-07 22:01:08 #5 type] 
Type com.javatpoint.jpa.inheritence.Employee is not enhanced.

[2021-03-07 22:01:08 #6 type] 
Type com.javatpoint.jpa.inheritence.ActiveEmployee is not enhanced.

[2021-03-07 22:01:08 #7 type.registry] 
New type com.javatpoint.jpa.inheritence.RetiredEmployee

[2021-03-07 22:01:08 #8 type] 
Type com.javatpoint.jpa.inheritence.RetiredEmployee is not enhanced.

[2021-03-07 22:01:08 #9 store] 
Database '/home/shoumitro/Documents/html_ex/JPA/JPA Inheritance/jdbc:mysql:/localhost:3306/employee' is closed by 6169@android123

------------------------------------------------------------------------------------------------------------------------

[2021-03-07 22:01:18 #1 store] 
Database '/home/shoumitro/Documents/html_ex/JPA/JPA Inheritance/jdbc:mysql:/localhost:3306/employee' is opened by 6194@android123

[2021-03-07 22:01:18 #2 store] 
Configuration path: ?

[2021-03-07 22:01:18 #3 type] 
Type com.javatpoint.jpa.inheritence.Employee is not enhanced.

[2021-03-07 22:01:18 #4 type] 
Type com.javatpoint.jpa.inheritence.ActiveEmployee is not enhanced.

[2021-03-07 22:01:18 #5 type] 
Type com.javatpoint.jpa.inheritence.RetiredEmployee is not enhanced.

[2021-03-07 22:01:18 #6 store] 
Database '/home/shoumitro/Documents/html_ex/JPA/JPA Inheritance/jdbc:mysql:/localhost:3306/employee' is closed by 6194@android123

